This file contains any messages produced by compilers while
running configure, to aid debugging if configure makes a mistake.

It was created by xfce4-sample-plugin configure 0.0.4git-d87bc3f, which was
generated by GNU Autoconf 2.71.  Invocation command line was

  $ ./configure --enable-maintainer-mode

## --------- ##
## Platform. ##
## --------- ##

hostname = rj
uname -m = x86_64
uname -r = 6.1.65-1-lts
uname -s = Linux
uname -v = #1 SMP PREEMPT_DYNAMIC Sun, 03 Dec 2023 12:06:12 +0000

/usr/bin/uname -p = unknown
/bin/uname -X     = unknown

/bin/arch              = unknown
/usr/bin/arch -k       = unknown
/usr/convex/getsysinfo = unknown
/usr/bin/hostinfo      = unknown
/bin/machine           = unknown
/usr/bin/oslevel       = unknown
/bin/universe          = unknown

PATH: /usr/local/bin/
PATH: /usr/bin/
PATH: /bin/
PATH: /usr/local/sbin/
PATH: /usr/bin/site_perl/
PATH: /usr/bin/vendor_perl/
PATH: /usr/bin/core_perl/


## ----------- ##
## Core tests. ##
## ----------- ##

configure:2536: looking for aux files: config.rpath compile config.guess config.sub ltmain.sh missing install-sh
configure:2549:  trying ./
configure:2578:   ./config.rpath found
configure:2578:   ./compile found
configure:2578:   ./config.guess found
configure:2578:   ./config.sub found
configure:2578:   ./ltmain.sh found
configure:2578:   ./missing found
configure:2560:   ./install-sh found
configure:2711: checking for a BSD-compatible install
configure:2784: result: /usr/bin/install -c
configure:2795: checking whether build environment is sane
configure:2850: result: yes
configure:3009: checking for a race-free mkdir -p
configure:3053: result: /usr/bin/mkdir -p
configure:3060: checking for gawk
configure:3081: found /usr/bin/gawk
configure:3092: result: gawk
configure:3103: checking whether make sets $(MAKE)
configure:3126: result: yes
configure:3156: checking whether make supports nested variables
configure:3174: result: yes
configure:3259: checking whether UID '1000' is supported by ustar format
configure:3262: result: yes
configure:3269: checking whether GID '1000' is supported by ustar format
configure:3272: result: yes
configure:3280: checking how to create a ustar tar archive
configure:3291: tar --version
tar (GNU tar) 1.35
Copyright (C) 2023 Free Software Foundation, Inc.
License GPLv3+: GNU GPL version 3 or later <https://gnu.org/licenses/gpl.html>.
This is free software: you are free to change and redistribute it.
There is NO WARRANTY, to the extent permitted by law.

Written by John Gilmore and Jay Fenlason.
configure:3294: $? = 0
configure:3334: tardir=conftest.dir && eval tar --format=ustar -chf - "$tardir" >conftest.tar
configure:3337: $? = 0
configure:3341: tar -xf - <conftest.tar
configure:3344: $? = 0
configure:3346: cat conftest.dir/file
GrepMe
configure:3349: $? = 0
configure:3363: result: gnutar
configure:3430: checking whether to enable maintainer-specific portions of Makefiles
configure:3440: result: yes
configure:3465: checking whether make supports nested variables
configure:3483: result: yes
configure:3528: checking build system type
configure:3543: result: x86_64-pc-linux-gnu
configure:3563: checking host system type
configure:3577: result: x86_64-pc-linux-gnu
configure:3618: checking how to print strings
configure:3645: result: printf
configure:3679: checking whether make supports the include directive
configure:3694: make -f confmf.GNU && cat confinc.out
this is the am__doit target
configure:3697: $? = 0
configure:3716: result: yes (GNU style)
configure:3792: checking for gcc
configure:3813: found /usr/bin/gcc
configure:3824: result: gcc
configure:4177: checking for C compiler version
configure:4186: gcc --version >&5
gcc (GCC) 13.2.1 20230801
Copyright (C) 2023 Free Software Foundation, Inc.
This is free software; see the source for copying conditions.  There is NO
warranty; not even for MERCHANTABILITY or FITNESS FOR A PARTICULAR PURPOSE.

configure:4197: $? = 0
configure:4186: gcc -v >&5
Using built-in specs.
COLLECT_GCC=gcc
COLLECT_LTO_WRAPPER=/usr/lib/gcc/x86_64-pc-linux-gnu/13.2.1/lto-wrapper
Target: x86_64-pc-linux-gnu
Configured with: /build/gcc/src/gcc/configure --enable-languages=ada,c,c++,d,fortran,go,lto,objc,obj-c++ --enable-bootstrap --prefix=/usr --libdir=/usr/lib --libexecdir=/usr/lib --mandir=/usr/share/man --infodir=/usr/share/info --with-bugurl=https://bugs.archlinux.org/ --with-build-config=bootstrap-lto --with-linker-hash-style=gnu --with-system-zlib --enable-__cxa_atexit --enable-cet=auto --enable-checking=release --enable-clocale=gnu --enable-default-pie --enable-default-ssp --enable-gnu-indirect-function --enable-gnu-unique-object --enable-libstdcxx-backtrace --enable-link-serialization=1 --enable-linker-build-id --enable-lto --enable-multilib --enable-plugin --enable-shared --enable-threads=posix --disable-libssp --disable-libstdcxx-pch --disable-werror
Thread model: posix
Supported LTO compression algorithms: zlib zstd
gcc version 13.2.1 20230801 (GCC) 
configure:4197: $? = 0
configure:4186: gcc -V >&5
gcc: error: unrecognized command-line option '-V'
gcc: fatal error: no input files
compilation terminated.
configure:4197: $? = 1
configure:4186: gcc -qversion >&5
gcc: error: unrecognized command-line option '-qversion'; did you mean '--version'?
gcc: fatal error: no input files
compilation terminated.
configure:4197: $? = 1
configure:4186: gcc -version >&5
gcc: error: unrecognized command-line option '-version'
gcc: fatal error: no input files
compilation terminated.
configure:4197: $? = 1
configure:4217: checking whether the C compiler works
configure:4239: gcc    conftest.c  >&5
configure:4243: $? = 0
configure:4293: result: yes
configure:4296: checking for C compiler default output file name
configure:4298: result: a.out
configure:4304: checking for suffix of executables
configure:4311: gcc -o conftest    conftest.c  >&5
configure:4315: $? = 0
configure:4338: result: 
configure:4360: checking whether we are cross compiling
configure:4368: gcc -o conftest    conftest.c  >&5
configure:4372: $? = 0
configure:4379: ./conftest
configure:4383: $? = 0
configure:4398: result: no
configure:4403: checking for suffix of object files
configure:4426: gcc -c   conftest.c >&5
configure:4430: $? = 0
configure:4452: result: o
configure:4456: checking whether the compiler supports GNU C
configure:4476: gcc -c   conftest.c >&5
configure:4476: $? = 0
configure:4486: result: yes
configure:4497: checking whether gcc accepts -g
configure:4518: gcc -c -g  conftest.c >&5
configure:4518: $? = 0
configure:4562: result: yes
configure:4582: checking for gcc option to enable C11 features
configure:4597: gcc  -c -g -O2  conftest.c >&5
configure:4597: $? = 0
configure:4615: result: none needed
configure:4731: checking whether gcc understands -c and -o together
configure:4754: gcc -c conftest.c -o conftest2.o
configure:4757: $? = 0
configure:4754: gcc -c conftest.c -o conftest2.o
configure:4757: $? = 0
configure:4769: result: yes
configure:4788: checking dependency style of gcc
configure:4900: result: gcc3
configure:4915: checking for a sed that does not truncate output
configure:4985: result: /usr/bin/sed
configure:5003: checking for grep that handles long lines and -e
configure:5067: result: /usr/bin/grep
configure:5072: checking for egrep
configure:5140: result: /usr/bin/grep -E
configure:5145: checking for fgrep
configure:5213: result: /usr/bin/grep -F
configure:5249: checking for ld used by gcc
configure:5317: result: /usr/bin/ld
configure:5324: checking if the linker (/usr/bin/ld) is GNU ld
configure:5340: result: yes
configure:5352: checking for BSD- or MS-compatible name lister (nm)
configure:5407: result: /usr/bin/nm -B
configure:5547: checking the name lister (/usr/bin/nm -B) interface
configure:5555: gcc -c -g -O2  conftest.c >&5
configure:5558: /usr/bin/nm -B "conftest.o"
configure:5561: output
0000000000000000 B some_variable
configure:5568: result: BSD nm
configure:5571: checking whether ln -s works
configure:5575: result: yes
configure:5583: checking the maximum length of command line arguments
configure:5715: result: 1572864
configure:5763: checking how to convert x86_64-pc-linux-gnu file names to x86_64-pc-linux-gnu format
configure:5804: result: func_convert_file_noop
configure:5811: checking how to convert x86_64-pc-linux-gnu file names to toolchain format
configure:5832: result: func_convert_file_noop
configure:5839: checking for /usr/bin/ld option to reload object files
configure:5847: result: -r
configure:5926: checking for file
configure:5947: found /usr/bin/file
configure:5958: result: file
configure:6034: checking for objdump
configure:6055: found /usr/bin/objdump
configure:6066: result: objdump
configure:6098: checking how to recognize dependent libraries
configure:6299: result: pass_all
configure:6389: checking for dlltool
configure:6424: result: no
configure:6454: checking how to associate runtime and link libraries
configure:6482: result: printf %s\n
configure:6548: checking for ar
configure:6569: found /usr/bin/ar
configure:6580: result: ar
configure:6633: checking for archiver @FILE support
configure:6651: gcc -c -g -O2  conftest.c >&5
configure:6651: $? = 0
configure:6655: ar cr libconftest.a @conftest.lst >&5
configure:6658: $? = 0
configure:6663: ar cr libconftest.a @conftest.lst >&5
ar: conftest.o: No such file or directory
configure:6666: $? = 1
configure:6678: result: @
configure:6741: checking for strip
configure:6762: found /usr/bin/strip
configure:6773: result: strip
configure:6850: checking for ranlib
configure:6871: found /usr/bin/ranlib
configure:6882: result: ranlib
configure:6984: checking command to parse /usr/bin/nm -B output from gcc object
configure:7138: gcc -c -g -O2  conftest.c >&5
configure:7141: $? = 0
configure:7145: /usr/bin/nm -B conftest.o \| /usr/bin/sed -n -e 's/^.*[ ]\([ABCDGIRSTW][ABCDGIRSTW]*\)[ ][ ]*\([_A-Za-z][_A-Za-z0-9]*\)$/\1 \2 \2/p' | /usr/bin/sed '/ __gnu_lto/d' \> conftest.nm
configure:7148: $? = 0
configure:7214: gcc -o conftest -g -O2   conftest.c conftstm.o >&5
configure:7217: $? = 0
configure:7255: result: ok
configure:7302: checking for sysroot
configure:7333: result: no
configure:7340: checking for a working dd
configure:7384: result: /usr/bin/dd
configure:7388: checking how to truncate binary pipes
configure:7404: result: /usr/bin/dd bs=4096 count=1
configure:7541: gcc -c -g -O2  conftest.c >&5
configure:7544: $? = 0
configure:7741: checking for mt
configure:7776: result: no
configure:7796: checking if : is a manifest tool
configure:7803: : '-?'
configure:7811: result: no
configure:8536: checking for stdio.h
configure:8536: gcc -c -g -O2  conftest.c >&5
configure:8536: $? = 0
configure:8536: result: yes
configure:8536: checking for stdlib.h
configure:8536: gcc -c -g -O2  conftest.c >&5
configure:8536: $? = 0
configure:8536: result: yes
configure:8536: checking for string.h
configure:8536: gcc -c -g -O2  conftest.c >&5
configure:8536: $? = 0
configure:8536: result: yes
configure:8536: checking for inttypes.h
configure:8536: gcc -c -g -O2  conftest.c >&5
configure:8536: $? = 0
configure:8536: result: yes
configure:8536: checking for stdint.h
configure:8536: gcc -c -g -O2  conftest.c >&5
configure:8536: $? = 0
configure:8536: result: yes
configure:8536: checking for strings.h
configure:8536: gcc -c -g -O2  conftest.c >&5
configure:8536: $? = 0
configure:8536: result: yes
configure:8536: checking for sys/stat.h
configure:8536: gcc -c -g -O2  conftest.c >&5
configure:8536: $? = 0
configure:8536: result: yes
configure:8536: checking for sys/types.h
configure:8536: gcc -c -g -O2  conftest.c >&5
configure:8536: $? = 0
configure:8536: result: yes
configure:8536: checking for unistd.h
configure:8536: gcc -c -g -O2  conftest.c >&5
configure:8536: $? = 0
configure:8536: result: yes
configure:8561: checking for dlfcn.h
configure:8561: gcc -c -g -O2  conftest.c >&5
configure:8561: $? = 0
configure:8561: result: yes
configure:8819: checking for objdir
configure:8835: result: .libs
configure:9099: checking if gcc supports -fno-rtti -fno-exceptions
configure:9118: gcc -c -g -O2  -fno-rtti -fno-exceptions conftest.c >&5
cc1: warning: command-line option '-fno-rtti' is valid for C++/D/ObjC++ but not for C
configure:9122: $? = 0
configure:9135: result: no
configure:9493: checking for gcc option to produce PIC
configure:9501: result: -fPIC -DPIC
configure:9509: checking if gcc PIC flag -fPIC -DPIC works
configure:9528: gcc -c -g -O2  -fPIC -DPIC -DPIC conftest.c >&5
configure:9532: $? = 0
configure:9545: result: yes
configure:9574: checking if gcc static flag -static works
configure:9603: result: yes
configure:9618: checking if gcc supports -c -o file.o
configure:9640: gcc -c -g -O2  -o out/conftest2.o conftest.c >&5
configure:9644: $? = 0
configure:9666: result: yes
configure:9674: checking if gcc supports -c -o file.o
configure:9722: result: yes
configure:9755: checking whether the gcc linker (/usr/bin/ld -m elf_x86_64) supports shared libraries
configure:11023: result: yes
configure:11060: checking whether -lc should be explicitly linked in
configure:11069: gcc -c -g -O2  conftest.c >&5
configure:11072: $? = 0
configure:11087: gcc -shared  -fPIC -DPIC conftest.o  -v -Wl,-soname -Wl,conftest -o conftest 2\>\&1 \| /usr/bin/grep  -lc  \>/dev/null 2\>\&1
configure:11090: $? = 0
configure:11104: result: no
configure:11264: checking dynamic linker characteristics
configure:11846: gcc -o conftest -g -O2   -Wl,-rpath -Wl,/foo conftest.c  >&5
configure:11846: $? = 0
configure:12085: result: GNU/Linux ld.so
configure:12207: checking how to hardcode library paths into programs
configure:12232: result: immediate
configure:12784: checking whether stripping libraries is possible
configure:12793: result: yes
configure:12835: checking if libtool supports shared libraries
configure:12837: result: yes
configure:12840: checking whether to build shared libraries
configure:12865: result: yes
configure:12868: checking whether to build static libraries
configure:12872: result: no
configure:12963: checking for gcc
configure:12995: result: gcc
configure:13348: checking for C compiler version
configure:13357: gcc --version >&5
gcc (GCC) 13.2.1 20230801
Copyright (C) 2023 Free Software Foundation, Inc.
This is free software; see the source for copying conditions.  There is NO
warranty; not even for MERCHANTABILITY or FITNESS FOR A PARTICULAR PURPOSE.

configure:13368: $? = 0
configure:13357: gcc -v >&5
Using built-in specs.
COLLECT_GCC=gcc
COLLECT_LTO_WRAPPER=/usr/lib/gcc/x86_64-pc-linux-gnu/13.2.1/lto-wrapper
Target: x86_64-pc-linux-gnu
Configured with: /build/gcc/src/gcc/configure --enable-languages=ada,c,c++,d,fortran,go,lto,objc,obj-c++ --enable-bootstrap --prefix=/usr --libdir=/usr/lib --libexecdir=/usr/lib --mandir=/usr/share/man --infodir=/usr/share/info --with-bugurl=https://bugs.archlinux.org/ --with-build-config=bootstrap-lto --with-linker-hash-style=gnu --with-system-zlib --enable-__cxa_atexit --enable-cet=auto --enable-checking=release --enable-clocale=gnu --enable-default-pie --enable-default-ssp --enable-gnu-indirect-function --enable-gnu-unique-object --enable-libstdcxx-backtrace --enable-link-serialization=1 --enable-linker-build-id --enable-lto --enable-multilib --enable-plugin --enable-shared --enable-threads=posix --disable-libssp --disable-libstdcxx-pch --disable-werror
Thread model: posix
Supported LTO compression algorithms: zlib zstd
gcc version 13.2.1 20230801 (GCC) 
configure:13368: $? = 0
configure:13357: gcc -V >&5
gcc: error: unrecognized command-line option '-V'
gcc: fatal error: no input files
compilation terminated.
configure:13368: $? = 1
configure:13357: gcc -qversion >&5
gcc: error: unrecognized command-line option '-qversion'; did you mean '--version'?
gcc: fatal error: no input files
compilation terminated.
configure:13368: $? = 1
configure:13357: gcc -version >&5
gcc: error: unrecognized command-line option '-version'
gcc: fatal error: no input files
compilation terminated.
configure:13368: $? = 1
configure:13372: checking whether the compiler supports GNU C
configure:13402: result: yes
configure:13413: checking whether gcc accepts -g
configure:13478: result: yes
configure:13498: checking for gcc option to enable C11 features
configure:13531: result: none needed
configure:13647: checking whether gcc understands -c and -o together
configure:13685: result: yes
configure:13704: checking dependency style of gcc
configure:13816: result: gcc3
configure:13832: checking whether gcc and cc understand -c and -o together
configure:13864: gcc -c conftest.c -o conftest2.o >&5
configure:13868: $? = 0
configure:13874: gcc -c conftest.c -o conftest2.o >&5
configure:13878: $? = 0
configure:13889: cc -c conftest.c >&5
configure:13893: $? = 0
configure:13901: cc -c conftest.c -o conftest2.o >&5
configure:13905: $? = 0
configure:13911: cc -c conftest.c -o conftest2.o >&5
configure:13915: $? = 0
configure:13933: result: yes
configure:13945: checking for stdlib.h
configure:13945: result: yes
configure:13951: checking for unistd.h
configure:13951: result: yes
configure:13957: checking for locale.h
configure:13957: gcc -c -g -O2  conftest.c >&5
configure:13957: $? = 0
configure:13957: result: yes
configure:13963: checking for stdio.h
configure:13963: result: yes
configure:13969: checking for errno.h
configure:13969: gcc -c -g -O2  conftest.c >&5
configure:13969: $? = 0
configure:13969: result: yes
configure:13975: checking for time.h
configure:13975: gcc -c -g -O2  conftest.c >&5
configure:13975: $? = 0
configure:13975: result: yes
configure:13981: checking for string.h
configure:13981: result: yes
configure:13987: checking for math.h
configure:13987: gcc -c -g -O2  conftest.c >&5
configure:13987: $? = 0
configure:13987: result: yes
configure:13993: checking for sys/types.h
configure:13993: result: yes
configure:13999: checking for sys/wait.h
configure:13999: gcc -c -g -O2  conftest.c >&5
configure:13999: $? = 0
configure:13999: result: yes
configure:14005: checking for memory.h
configure:14005: gcc -c -g -O2  conftest.c >&5
configure:14005: $? = 0
configure:14005: result: yes
configure:14011: checking for signal.h
configure:14011: gcc -c -g -O2  conftest.c >&5
configure:14011: $? = 0
configure:14011: result: yes
configure:14017: checking for sys/prctl.h
configure:14017: gcc -c -g -O2  conftest.c >&5
configure:14017: $? = 0
configure:14017: result: yes
configure:14023: checking for libintl.h
configure:14023: gcc -c -g -O2  conftest.c >&5
configure:14023: $? = 0
configure:14023: result: yes
configure:14030: checking for bind_textdomain_codeset
configure:14030: gcc -o conftest -g -O2   conftest.c  >&5
configure:14030: $? = 0
configure:14030: result: yes
configure:14043: checking whether NLS is requested
configure:14053: result: yes
configure:14093: checking for msgfmt
configure: trying /usr/bin/msgfmt...
0 translated messages.
configure:14126: result: /usr/bin/msgfmt
configure:14135: checking for gmsgfmt
configure:14171: result: /usr/bin/msgfmt
configure:14221: checking for xgettext
configure: trying /usr/bin/xgettext...
/usr/bin/xgettext: warning: file '/dev/null' extension '' is unknown; will try C
configure:14254: result: /usr/bin/xgettext
configure:14299: checking for msgmerge
configure: trying /usr/bin/msgmerge...
configure:14331: result: /usr/bin/msgmerge
configure:14390: checking for ld used by gcc
configure:14458: result: /usr/bin/ld -m elf_x86_64
configure:14465: checking if the linker (/usr/bin/ld -m elf_x86_64) is GNU ld
configure:14481: result: yes
configure:14489: checking for shared library run path origin
configure:14503: result: done
configure:14528: checking how to run the C preprocessor
configure:14554: gcc -E  conftest.c
configure:14554: $? = 0
configure:14569: gcc -E  conftest.c
conftest.c:39:10: fatal error: ac_nonexistent.h: No such file or directory
   39 | #include <ac_nonexistent.h>
      |          ^~~~~~~~~~~~~~~~~~
compilation terminated.
configure:14569: $? = 1
configure: failed program was:
| /* confdefs.h */
| #define PACKAGE_NAME "xfce4-sample-plugin"
| #define PACKAGE_TARNAME "xfce4-sample-plugin"
| #define PACKAGE_VERSION "0.0.4git-d87bc3f"
| #define PACKAGE_STRING "xfce4-sample-plugin 0.0.4git-d87bc3f"
| #define PACKAGE_BUGREPORT "https://gitlab.xfce.org/panel-plugins/xfce4-sample-plugin"
| #define PACKAGE_URL ""
| #define PACKAGE "xfce4-sample-plugin"
| #define VERSION "0.0.4git-d87bc3f"
| #define HAVE_STDIO_H 1
| #define HAVE_STDLIB_H 1
| #define HAVE_STRING_H 1
| #define HAVE_INTTYPES_H 1
| #define HAVE_STDINT_H 1
| #define HAVE_STRINGS_H 1
| #define HAVE_SYS_STAT_H 1
| #define HAVE_SYS_TYPES_H 1
| #define HAVE_UNISTD_H 1
| #define STDC_HEADERS 1
| #define HAVE_DLFCN_H 1
| #define LT_OBJDIR ".libs/"
| #define HAVE_STDLIB_H 1
| #define HAVE_UNISTD_H 1
| #define HAVE_LOCALE_H 1
| #define HAVE_STDIO_H 1
| #define HAVE_ERRNO_H 1
| #define HAVE_TIME_H 1
| #define HAVE_STRING_H 1
| #define HAVE_MATH_H 1
| #define HAVE_SYS_TYPES_H 1
| #define HAVE_SYS_WAIT_H 1
| #define HAVE_MEMORY_H 1
| #define HAVE_SIGNAL_H 1
| #define HAVE_SYS_PRCTL_H 1
| #define HAVE_LIBINTL_H 1
| #define HAVE_BIND_TEXTDOMAIN_CODESET 1
| #define GETTEXT_PACKAGE "xfce4-sample-plugin"
| /* end confdefs.h.  */
| #include <ac_nonexistent.h>
configure:14596: result: gcc -E
configure:14610: gcc -E  conftest.c
configure:14610: $? = 0
configure:14625: gcc -E  conftest.c
conftest.c:39:10: fatal error: ac_nonexistent.h: No such file or directory
   39 | #include <ac_nonexistent.h>
      |          ^~~~~~~~~~~~~~~~~~
compilation terminated.
configure:14625: $? = 1
configure: failed program was:
| /* confdefs.h */
| #define PACKAGE_NAME "xfce4-sample-plugin"
| #define PACKAGE_TARNAME "xfce4-sample-plugin"
| #define PACKAGE_VERSION "0.0.4git-d87bc3f"
| #define PACKAGE_STRING "xfce4-sample-plugin 0.0.4git-d87bc3f"
| #define PACKAGE_BUGREPORT "https://gitlab.xfce.org/panel-plugins/xfce4-sample-plugin"
| #define PACKAGE_URL ""
| #define PACKAGE "xfce4-sample-plugin"
| #define VERSION "0.0.4git-d87bc3f"
| #define HAVE_STDIO_H 1
| #define HAVE_STDLIB_H 1
| #define HAVE_STRING_H 1
| #define HAVE_INTTYPES_H 1
| #define HAVE_STDINT_H 1
| #define HAVE_STRINGS_H 1
| #define HAVE_SYS_STAT_H 1
| #define HAVE_SYS_TYPES_H 1
| #define HAVE_UNISTD_H 1
| #define STDC_HEADERS 1
| #define HAVE_DLFCN_H 1
| #define LT_OBJDIR ".libs/"
| #define HAVE_STDLIB_H 1
| #define HAVE_UNISTD_H 1
| #define HAVE_LOCALE_H 1
| #define HAVE_STDIO_H 1
| #define HAVE_ERRNO_H 1
| #define HAVE_TIME_H 1
| #define HAVE_STRING_H 1
| #define HAVE_MATH_H 1
| #define HAVE_SYS_TYPES_H 1
| #define HAVE_SYS_WAIT_H 1
| #define HAVE_MEMORY_H 1
| #define HAVE_SIGNAL_H 1
| #define HAVE_SYS_PRCTL_H 1
| #define HAVE_LIBINTL_H 1
| #define HAVE_BIND_TEXTDOMAIN_CODESET 1
| #define GETTEXT_PACKAGE "xfce4-sample-plugin"
| /* end confdefs.h.  */
| #include <ac_nonexistent.h>
configure:15212: checking for CFPreferencesCopyAppValue
configure:15231: gcc -o conftest -g -O2   conftest.c  -Wl,-framework -Wl,CoreFoundation >&5
conftest.c:39:10: fatal error: CoreFoundation/CFPreferences.h: No such file or directory
   39 | #include <CoreFoundation/CFPreferences.h>
      |          ^~~~~~~~~~~~~~~~~~~~~~~~~~~~~~~~
compilation terminated.
configure:15231: $? = 1
configure: failed program was:
| /* confdefs.h */
| #define PACKAGE_NAME "xfce4-sample-plugin"
| #define PACKAGE_TARNAME "xfce4-sample-plugin"
| #define PACKAGE_VERSION "0.0.4git-d87bc3f"
| #define PACKAGE_STRING "xfce4-sample-plugin 0.0.4git-d87bc3f"
| #define PACKAGE_BUGREPORT "https://gitlab.xfce.org/panel-plugins/xfce4-sample-plugin"
| #define PACKAGE_URL ""
| #define PACKAGE "xfce4-sample-plugin"
| #define VERSION "0.0.4git-d87bc3f"
| #define HAVE_STDIO_H 1
| #define HAVE_STDLIB_H 1
| #define HAVE_STRING_H 1
| #define HAVE_INTTYPES_H 1
| #define HAVE_STDINT_H 1
| #define HAVE_STRINGS_H 1
| #define HAVE_SYS_STAT_H 1
| #define HAVE_SYS_TYPES_H 1
| #define HAVE_UNISTD_H 1
| #define STDC_HEADERS 1
| #define HAVE_DLFCN_H 1
| #define LT_OBJDIR ".libs/"
| #define HAVE_STDLIB_H 1
| #define HAVE_UNISTD_H 1
| #define HAVE_LOCALE_H 1
| #define HAVE_STDIO_H 1
| #define HAVE_ERRNO_H 1
| #define HAVE_TIME_H 1
| #define HAVE_STRING_H 1
| #define HAVE_MATH_H 1
| #define HAVE_SYS_TYPES_H 1
| #define HAVE_SYS_WAIT_H 1
| #define HAVE_MEMORY_H 1
| #define HAVE_SIGNAL_H 1
| #define HAVE_SYS_PRCTL_H 1
| #define HAVE_LIBINTL_H 1
| #define HAVE_BIND_TEXTDOMAIN_CODESET 1
| #define GETTEXT_PACKAGE "xfce4-sample-plugin"
| /* end confdefs.h.  */
| #include <CoreFoundation/CFPreferences.h>
| int
| main (void)
| {
| CFPreferencesCopyAppValue(NULL, NULL)
|   ;
|   return 0;
| }
configure:15241: result: no
configure:15248: checking for CFLocaleCopyCurrent
configure:15267: gcc -o conftest -g -O2   conftest.c  -Wl,-framework -Wl,CoreFoundation >&5
conftest.c:39:10: fatal error: CoreFoundation/CFLocale.h: No such file or directory
   39 | #include <CoreFoundation/CFLocale.h>
      |          ^~~~~~~~~~~~~~~~~~~~~~~~~~~
compilation terminated.
configure:15267: $? = 1
configure: failed program was:
| /* confdefs.h */
| #define PACKAGE_NAME "xfce4-sample-plugin"
| #define PACKAGE_TARNAME "xfce4-sample-plugin"
| #define PACKAGE_VERSION "0.0.4git-d87bc3f"
| #define PACKAGE_STRING "xfce4-sample-plugin 0.0.4git-d87bc3f"
| #define PACKAGE_BUGREPORT "https://gitlab.xfce.org/panel-plugins/xfce4-sample-plugin"
| #define PACKAGE_URL ""
| #define PACKAGE "xfce4-sample-plugin"
| #define VERSION "0.0.4git-d87bc3f"
| #define HAVE_STDIO_H 1
| #define HAVE_STDLIB_H 1
| #define HAVE_STRING_H 1
| #define HAVE_INTTYPES_H 1
| #define HAVE_STDINT_H 1
| #define HAVE_STRINGS_H 1
| #define HAVE_SYS_STAT_H 1
| #define HAVE_SYS_TYPES_H 1
| #define HAVE_UNISTD_H 1
| #define STDC_HEADERS 1
| #define HAVE_DLFCN_H 1
| #define LT_OBJDIR ".libs/"
| #define HAVE_STDLIB_H 1
| #define HAVE_UNISTD_H 1
| #define HAVE_LOCALE_H 1
| #define HAVE_STDIO_H 1
| #define HAVE_ERRNO_H 1
| #define HAVE_TIME_H 1
| #define HAVE_STRING_H 1
| #define HAVE_MATH_H 1
| #define HAVE_SYS_TYPES_H 1
| #define HAVE_SYS_WAIT_H 1
| #define HAVE_MEMORY_H 1
| #define HAVE_SIGNAL_H 1
| #define HAVE_SYS_PRCTL_H 1
| #define HAVE_LIBINTL_H 1
| #define HAVE_BIND_TEXTDOMAIN_CODESET 1
| #define GETTEXT_PACKAGE "xfce4-sample-plugin"
| /* end confdefs.h.  */
| #include <CoreFoundation/CFLocale.h>
| int
| main (void)
| {
| CFLocaleCopyCurrent();
|   ;
|   return 0;
| }
configure:15277: result: no
configure:15326: checking for GNU gettext in libc
configure:15356: gcc -o conftest -g -O2   conftest.c  >&5
configure:15356: $? = 0
configure:15366: result: yes
configure:16223: checking whether to use NLS
configure:16225: result: yes
configure:16228: checking where the gettext function comes from
configure:16239: result: libc
configure:16298: checking for X
configure:16336: gcc -o conftest -g -O2   conftest.c -lX11  >&5
configure:16336: $? = 0
configure:16523: result: libraries , headers 
configure:16621: gcc -o conftest -g -O2   conftest.c   -lX11 >&5
configure:16621: $? = 0
configure:16720: checking for gethostbyname
configure:16720: gcc -o conftest -g -O2   conftest.c  >&5
configure:16720: $? = 0
configure:16720: result: yes
configure:16818: checking for connect
configure:16818: gcc -o conftest -g -O2   conftest.c  >&5
configure:16818: $? = 0
configure:16818: result: yes
configure:16868: checking for remove
configure:16868: gcc -o conftest -g -O2   conftest.c  >&5
configure:16868: $? = 0
configure:16868: result: yes
configure:16918: checking for shmat
configure:16918: gcc -o conftest -g -O2   conftest.c  >&5
configure:16918: $? = 0
configure:16918: result: yes
configure:16977: checking for IceConnectionNumber in -lICE
configure:17000: gcc -o conftest -g -O2   conftest.c -lICE   >&5
configure:17000: $? = 0
configure:17010: result: yes
configure:17026: checking for main in -lX11
configure:17046: gcc -o conftest -g -O2   conftest.c -lX11   -lSM -lICE    >&5
configure:17046: $? = 0
configure:17056: result: yes
configure:17162: checking for pkg-config
configure:17185: found /usr/bin/pkg-config
configure:17197: result: /usr/bin/pkg-config
configure:17222: checking pkg-config is at least version 0.9.0
configure:17225: result: yes
configure:17247: checking for glib-2.0 >= 2.66.0
configure:17251: result: 2.78.1
configure:17254: checking GLIB_CFLAGS
configure:17257: result: -I/usr/include/glib-2.0 -I/usr/lib/glib-2.0/include -I/usr/include/sysprof-6 -pthread
configure:17260: checking GLIB_LIBS
configure:17263: result: -lglib-2.0
configure:17280: setting GLIB_VERSION_MAX_ALLOWED and GLIB_VERSION_MIN_REQUIRED according to 2.66.0
configure:17387: checking for pkg-config
configure:17422: result: /usr/bin/pkg-config
configure:17447: checking pkg-config is at least version 0.9.0
configure:17450: result: yes
configure:17472: checking for gtk+-3.0 >= 3.24.0
configure:17476: result: 3.24.38
configure:17479: checking GTK_CFLAGS
configure:17482: result: -I/usr/include/gtk-3.0 -I/usr/include/pango-1.0 -I/usr/include/cairo -I/usr/include/gdk-pixbuf-2.0 -I/usr/include/freetype2 -I/usr/include/harfbuzz -I/usr/include/dbus-1.0 -I/usr/lib/dbus-1.0/include -I/usr/include/glib-2.0 -I/usr/lib/glib-2.0/include -I/usr/include/atk-1.0 -I/usr/include/blkid -I/usr/include/libmount -I/usr/include/sysprof-6 -pthread -I/usr/include/cloudproviders -I/usr/include/libpng16 -I/usr/include/pixman-1 -I/usr/include/gio-unix-2.0 -I/usr/include/fribidi -I/usr/include/at-spi2-atk/2.0 -I/usr/include/at-spi-2.0
configure:17485: checking GTK_LIBS
configure:17488: result: -lgtk-3 -lgdk-3 -lz -lharfbuzz -lpangocairo-1.0 -lpango-1.0 -latk-1.0 -lcairo -lcairo-gobject -lgdk_pixbuf-2.0 -lgio-2.0 -lglib-2.0 -lgobject-2.0
configure:17600: checking for pkg-config
configure:17635: result: /usr/bin/pkg-config
configure:17660: checking pkg-config is at least version 0.9.0
configure:17663: result: yes
configure:17685: checking for libxfce4ui-2 >= 4.16.0
configure:17689: result: 4.18.4
configure:17692: checking LIBXFCE4UI_CFLAGS
configure:17695: result: -I/usr/include/xfce4/libxfce4ui-2 -I/usr/include/gtk-3.0 -I/usr/include/pango-1.0 -I/usr/include/cairo -I/usr/include/gdk-pixbuf-2.0 -I/usr/include/xfce4 -I/usr/include/freetype2 -I/usr/include/harfbuzz -I/usr/include/dbus-1.0 -I/usr/lib/dbus-1.0/include -I/usr/include/glib-2.0 -I/usr/lib/glib-2.0/include -I/usr/include/atk-1.0 -I/usr/include/blkid -I/usr/include/libmount -I/usr/include/sysprof-6 -pthread -I/usr/include/cloudproviders -I/usr/include/libpng16 -I/usr/include/pixman-1 -I/usr/include/gio-unix-2.0 -I/usr/include/fribidi -I/usr/include/at-spi2-atk/2.0 -I/usr/include/at-spi-2.0
configure:17698: checking LIBXFCE4UI_LIBS
configure:17701: result: -lxfce4ui-2 -lgtk-3 -lgdk-3 -lz -lharfbuzz -lpangocairo-1.0 -lpango-1.0 -latk-1.0 -lcairo -lcairo-gobject -lgdk_pixbuf-2.0 -lgio-2.0 -lgobject-2.0 -lxfce4util -lglib-2.0
configure:17813: checking for pkg-config
configure:17848: result: /usr/bin/pkg-config
configure:17873: checking pkg-config is at least version 0.9.0
configure:17876: result: yes
configure:17898: checking for libxfce4panel-2.0 >= 4.16.0
configure:17902: result: 4.18.5
configure:17905: checking LIBXFCE4PANEL_CFLAGS
configure:17908: result: -I/usr/include/xfce4/libxfce4panel-2.0 -I/usr/include/gtk-3.0 -I/usr/include/pango-1.0 -I/usr/include/cairo -I/usr/include/gdk-pixbuf-2.0 -I/usr/include/xfce4 -I/usr/include/freetype2 -I/usr/include/harfbuzz -I/usr/include/dbus-1.0 -I/usr/lib/dbus-1.0/include -I/usr/include/glib-2.0 -I/usr/lib/glib-2.0/include -I/usr/include/atk-1.0 -I/usr/include/blkid -I/usr/include/libmount -I/usr/include/sysprof-6 -pthread -I/usr/include/cloudproviders -I/usr/include/libpng16 -I/usr/include/pixman-1 -I/usr/include/gio-unix-2.0 -I/usr/include/fribidi -I/usr/include/at-spi2-atk/2.0 -I/usr/include/at-spi-2.0
configure:17911: checking LIBXFCE4PANEL_LIBS
configure:17914: result: -lxfce4panel-2.0 -lgtk-3 -lgdk-3 -lz -lharfbuzz -lpangocairo-1.0 -lpango-1.0 -latk-1.0 -lcairo -lcairo-gobject -lgdk_pixbuf-2.0 -lgio-2.0 -lgobject-2.0 -Wl,--export-dynamic -lgmodule-2.0 -pthread -lxfce4util -lglib-2.0
configure:17981: checking whether to build with debugging support
configure:18004: result: yes
configure:18028: checking if gcc supports -Wall
configure:18036: gcc -c -g -O2 -Wall  conftest.c >&5
configure:18036: $? = 0
configure:18044: result: yes
configure:18028: checking if gcc supports -Wextra
configure:18036: gcc -c -g -O2 -Wextra  conftest.c >&5
configure:18036: $? = 0
configure:18044: result: yes
configure:18028: checking if gcc supports -Wno-missing-field-initializers
configure:18036: gcc -c -g -O2 -Wno-missing-field-initializers  conftest.c >&5
configure:18036: $? = 0
configure:18044: result: yes
configure:18028: checking if gcc supports -Wno-unused-parameter
configure:18036: gcc -c -g -O2 -Wno-unused-parameter  conftest.c >&5
configure:18036: $? = 0
configure:18044: result: yes
configure:18028: checking if gcc supports -Wmissing-declarations
configure:18036: gcc -c -g -O2 -Wmissing-declarations  conftest.c >&5
configure:18036: $? = 0
configure:18044: result: yes
configure:18028: checking if gcc supports -Wmissing-noreturn
configure:18036: gcc -c -g -O2 -Wmissing-noreturn  conftest.c >&5
configure:18036: $? = 0
configure:18044: result: yes
configure:18028: checking if gcc supports -Wpointer-arith
configure:18036: gcc -c -g -O2 -Wpointer-arith  conftest.c >&5
configure:18036: $? = 0
configure:18044: result: yes
configure:18028: checking if gcc supports -Wcast-align
configure:18036: gcc -c -g -O2 -Wcast-align  conftest.c >&5
configure:18036: $? = 0
configure:18044: result: yes
configure:18028: checking if gcc supports -Wformat
configure:18036: gcc -c -g -O2 -Wformat  conftest.c >&5
configure:18036: $? = 0
configure:18044: result: yes
configure:18028: checking if gcc supports -Wformat-security
configure:18036: gcc -c -g -O2 -Wformat-security  conftest.c >&5
cc1: warning: '-Wformat-security' ignored without '-Wformat' [-Wformat-security]
configure:18036: $? = 0
configure:18044: result: yes
configure:18028: checking if gcc supports -Wformat-y2k
configure:18036: gcc -c -g -O2 -Wformat-y2k  conftest.c >&5
cc1: warning: '-Wformat-y2k' ignored without '-Wformat' [-Wformat-y2k]
configure:18036: $? = 0
configure:18044: result: yes
configure:18028: checking if gcc supports -Winit-self
configure:18036: gcc -c -g -O2 -Winit-self  conftest.c >&5
configure:18036: $? = 0
configure:18044: result: yes
configure:18028: checking if gcc supports -Wmissing-include-dirs
configure:18036: gcc -c -g -O2 -Wmissing-include-dirs  conftest.c >&5
configure:18036: $? = 0
configure:18044: result: yes
configure:18028: checking if gcc supports -Wundef
configure:18036: gcc -c -g -O2 -Wundef  conftest.c >&5
configure:18036: $? = 0
configure:18044: result: yes
configure:18028: checking if gcc supports -Wredundant-decls
configure:18036: gcc -c -g -O2 -Wredundant-decls  conftest.c >&5
configure:18036: $? = 0
configure:18044: result: yes
configure:18028: checking if gcc supports -fstack-protector
configure:18036: gcc -c -g -O2 -fstack-protector  conftest.c >&5
configure:18036: $? = 0
configure:18044: result: yes
configure:18028: checking if gcc supports -g
configure:18036: gcc -c -g -O2 -g  conftest.c >&5
configure:18036: $? = 0
configure:18044: result: yes
configure:18028: checking if gcc supports -Wshadow
configure:18036: gcc -c -g -O2 -Wshadow  conftest.c >&5
configure:18036: $? = 0
configure:18044: result: yes
configure:18028: checking if gcc supports -Wnested-externs
configure:18036: gcc -c -g -O2 -Wnested-externs  conftest.c >&5
configure:18036: $? = 0
configure:18044: result: yes
configure:18028: checking if gcc supports -Wold-style-definition
configure:18036: gcc -c -g -O2 -Wold-style-definition  conftest.c >&5
configure:18036: $? = 0
configure:18044: result: yes
configure:18054: checking if gcc supports -Wall
configure:18062: gcc -c -g -O2 -Wall  conftest.c >&5
configure:18062: $? = 0
configure:18070: result: yes
configure:18054: checking if gcc supports -Wextra
configure:18062: gcc -c -g -O2 -Wextra  conftest.c >&5
configure:18062: $? = 0
configure:18070: result: yes
configure:18054: checking if gcc supports -Wno-missing-field-initializers
configure:18062: gcc -c -g -O2 -Wno-missing-field-initializers  conftest.c >&5
configure:18062: $? = 0
configure:18070: result: yes
configure:18054: checking if gcc supports -Wno-unused-parameter
configure:18062: gcc -c -g -O2 -Wno-unused-parameter  conftest.c >&5
configure:18062: $? = 0
configure:18070: result: yes
configure:18054: checking if gcc supports -Wmissing-declarations
configure:18062: gcc -c -g -O2 -Wmissing-declarations  conftest.c >&5
configure:18062: $? = 0
configure:18070: result: yes
configure:18054: checking if gcc supports -Wmissing-noreturn
configure:18062: gcc -c -g -O2 -Wmissing-noreturn  conftest.c >&5
configure:18062: $? = 0
configure:18070: result: yes
configure:18054: checking if gcc supports -Wpointer-arith
configure:18062: gcc -c -g -O2 -Wpointer-arith  conftest.c >&5
configure:18062: $? = 0
configure:18070: result: yes
configure:18054: checking if gcc supports -Wcast-align
configure:18062: gcc -c -g -O2 -Wcast-align  conftest.c >&5
configure:18062: $? = 0
configure:18070: result: yes
configure:18054: checking if gcc supports -Wformat
configure:18062: gcc -c -g -O2 -Wformat  conftest.c >&5
configure:18062: $? = 0
configure:18070: result: yes
configure:18054: checking if gcc supports -Wformat-security
configure:18062: gcc -c -g -O2 -Wformat-security  conftest.c >&5
cc1: warning: '-Wformat-security' ignored without '-Wformat' [-Wformat-security]
configure:18062: $? = 0
configure:18070: result: yes
configure:18054: checking if gcc supports -Wformat-y2k
configure:18062: gcc -c -g -O2 -Wformat-y2k  conftest.c >&5
cc1: warning: '-Wformat-y2k' ignored without '-Wformat' [-Wformat-y2k]
configure:18062: $? = 0
configure:18070: result: yes
configure:18054: checking if gcc supports -Winit-self
configure:18062: gcc -c -g -O2 -Winit-self  conftest.c >&5
configure:18062: $? = 0
configure:18070: result: yes
configure:18054: checking if gcc supports -Wmissing-include-dirs
configure:18062: gcc -c -g -O2 -Wmissing-include-dirs  conftest.c >&5
configure:18062: $? = 0
configure:18070: result: yes
configure:18054: checking if gcc supports -Wundef
configure:18062: gcc -c -g -O2 -Wundef  conftest.c >&5
configure:18062: $? = 0
configure:18070: result: yes
configure:18054: checking if gcc supports -Wredundant-decls
configure:18062: gcc -c -g -O2 -Wredundant-decls  conftest.c >&5
configure:18062: $? = 0
configure:18070: result: yes
configure:18054: checking if gcc supports -fstack-protector
configure:18062: gcc -c -g -O2 -fstack-protector  conftest.c >&5
configure:18062: $? = 0
configure:18070: result: yes
configure:18054: checking if gcc supports -g
configure:18062: gcc -c -g -O2 -g  conftest.c >&5
configure:18062: $? = 0
configure:18070: result: yes
configure:18054: checking if gcc supports -Wshadow
configure:18062: gcc -c -g -O2 -Wshadow  conftest.c >&5
configure:18062: $? = 0
configure:18070: result: yes
configure:18083: checking PLATFORM_CPPFLAGS
configure:18085: result: 
configure:18088: checking PLATFORM_CFLAGS
configure:18090: result: 
configure:18093: checking PLATFORM_LDFLAGS
configure:18095: result: 
configure:18202: checking that generated files are newer than configure
configure:18208: result: done
configure:18239: creating ./config.status

## ---------------------- ##
## Running config.status. ##
## ---------------------- ##

This file was extended by xfce4-sample-plugin config.status 0.0.4git-d87bc3f, which was
generated by GNU Autoconf 2.71.  Invocation command line was

  CONFIG_FILES    = 
  CONFIG_HEADERS  = 
  CONFIG_LINKS    = 
  CONFIG_COMMANDS = 
  $ ./config.status 

on rj

config.status:1186: creating Makefile
config.status:1186: creating icons/Makefile
config.status:1186: creating icons/48x48/Makefile
config.status:1186: creating icons/scalable/Makefile
config.status:1186: creating panel-plugin/Makefile
config.status:1186: creating po/Makefile.in
config.status:1186: creating config.h
config.status:1415: executing depfiles commands
config.status:1492: cd panel-plugin       && sed -e '/# am--include-marker/d' Makefile         | make -f - am--depfiles
make: Nothing to be done for 'am--depfiles'.
config.status:1497: $? = 0
config.status:1415: executing libtool commands
config.status:1415: executing po-directories commands

## ---------------- ##
## Cache variables. ##
## ---------------- ##

ac_cv_build=x86_64-pc-linux-gnu
ac_cv_c_compiler_gnu=yes
ac_cv_env_CC_set=
ac_cv_env_CC_value=
ac_cv_env_CFLAGS_set=
ac_cv_env_CFLAGS_value=
ac_cv_env_CPPFLAGS_set=
ac_cv_env_CPPFLAGS_value=
ac_cv_env_CPP_set=
ac_cv_env_CPP_value=
ac_cv_env_LDFLAGS_set=
ac_cv_env_LDFLAGS_value=
ac_cv_env_LIBS_set=
ac_cv_env_LIBS_value=
ac_cv_env_LT_SYS_LIBRARY_PATH_set=
ac_cv_env_LT_SYS_LIBRARY_PATH_value=
ac_cv_env_PKG_CONFIG_LIBDIR_set=
ac_cv_env_PKG_CONFIG_LIBDIR_value=
ac_cv_env_PKG_CONFIG_PATH_set=
ac_cv_env_PKG_CONFIG_PATH_value=
ac_cv_env_PKG_CONFIG_set=
ac_cv_env_PKG_CONFIG_value=
ac_cv_env_XMKMF_set=
ac_cv_env_XMKMF_value=
ac_cv_env_build_alias_set=
ac_cv_env_build_alias_value=
ac_cv_env_host_alias_set=
ac_cv_env_host_alias_value=
ac_cv_env_target_alias_set=
ac_cv_env_target_alias_value=
ac_cv_func_bind_textdomain_codeset=yes
ac_cv_func_connect=yes
ac_cv_func_gethostbyname=yes
ac_cv_func_remove=yes
ac_cv_func_shmat=yes
ac_cv_have_x='have_x=yes	ac_x_includes='\'''\''	ac_x_libraries='\'''\'''
ac_cv_header_dlfcn_h=yes
ac_cv_header_errno_h=yes
ac_cv_header_inttypes_h=yes
ac_cv_header_libintl_h=yes
ac_cv_header_locale_h=yes
ac_cv_header_math_h=yes
ac_cv_header_memory_h=yes
ac_cv_header_signal_h=yes
ac_cv_header_stdint_h=yes
ac_cv_header_stdio_h=yes
ac_cv_header_stdlib_h=yes
ac_cv_header_string_h=yes
ac_cv_header_strings_h=yes
ac_cv_header_sys_prctl_h=yes
ac_cv_header_sys_stat_h=yes
ac_cv_header_sys_types_h=yes
ac_cv_header_sys_wait_h=yes
ac_cv_header_time_h=yes
ac_cv_header_unistd_h=yes
ac_cv_host=x86_64-pc-linux-gnu
ac_cv_lib_ICE_IceConnectionNumber=yes
ac_cv_lib_X11_main=yes
ac_cv_objext=o
ac_cv_path_EGREP='/usr/bin/grep -E'
ac_cv_path_FGREP='/usr/bin/grep -F'
ac_cv_path_GMSGFMT=/usr/bin/msgfmt
ac_cv_path_GREP=/usr/bin/grep
ac_cv_path_MSGFMT=/usr/bin/msgfmt
ac_cv_path_MSGMERGE=/usr/bin/msgmerge
ac_cv_path_SED=/usr/bin/sed
ac_cv_path_XGETTEXT=/usr/bin/xgettext
ac_cv_path_ac_pt_PKG_CONFIG=/usr/bin/pkg-config
ac_cv_path_install='/usr/bin/install -c'
ac_cv_path_lt_DD=/usr/bin/dd
ac_cv_path_mkdir=/usr/bin/mkdir
ac_cv_prog_AWK=gawk
ac_cv_prog_CPP='gcc -E'
ac_cv_prog_ac_ct_AR=ar
ac_cv_prog_ac_ct_CC=gcc
ac_cv_prog_ac_ct_FILECMD=file
ac_cv_prog_ac_ct_OBJDUMP=objdump
ac_cv_prog_ac_ct_RANLIB=ranlib
ac_cv_prog_ac_ct_STRIP=strip
ac_cv_prog_cc_c11=
ac_cv_prog_cc_g=yes
ac_cv_prog_cc_gcc_c_o=yes
ac_cv_prog_cc_stdc=
ac_cv_prog_make_make_set=yes
acl_cv_hardcode_direct=no
acl_cv_hardcode_libdir_flag_spec='${wl}-rpath ${wl}$libdir'
acl_cv_hardcode_libdir_separator=
acl_cv_hardcode_minus_L=no
acl_cv_libext=a
acl_cv_libname_spec='lib$name'
acl_cv_library_names_spec='$libname$shrext'
acl_cv_path_LD='/usr/bin/ld -m elf_x86_64'
acl_cv_prog_gnu_ld=yes
acl_cv_rpath=done
acl_cv_shlibext=so
acl_cv_wl=-Wl,
am_cv_CC_dependencies_compiler_type=gcc3
am_cv_make_support_nested_variables=yes
am_cv_prog_cc_c_o=yes
am_cv_prog_tar_ustar=gnutar
gt_cv_func_CFLocaleCopyCurrent=no
gt_cv_func_CFPreferencesCopyAppValue=no
gt_cv_func_gnugettext1_libc=yes
lt_cv_ar_at_file=@
lt_cv_archive_cmds_need_lc=no
lt_cv_deplibs_check_method=pass_all
lt_cv_file_magic_cmd='$MAGIC_CMD'
lt_cv_file_magic_test_file=
lt_cv_ld_reload_flag=-r
lt_cv_nm_interface='BSD nm'
lt_cv_objdir=.libs
lt_cv_path_LD=/usr/bin/ld
lt_cv_path_NM='/usr/bin/nm -B'
lt_cv_path_mainfest_tool=no
lt_cv_prog_compiler_c_o=yes
lt_cv_prog_compiler_pic='-fPIC -DPIC'
lt_cv_prog_compiler_pic_works=yes
lt_cv_prog_compiler_rtti_exceptions=no
lt_cv_prog_compiler_static_works=yes
lt_cv_prog_gnu_ld=yes
lt_cv_sharedlib_from_linklib_cmd='printf %s\n'
lt_cv_shlibpath_overrides_runpath=yes
lt_cv_sys_global_symbol_pipe='/usr/bin/sed -n -e '\''s/^.*[	 ]\([ABCDGIRSTW][ABCDGIRSTW]*\)[	 ][	 ]*\([_A-Za-z][_A-Za-z0-9]*\)$/\1 \2 \2/p'\'' | /usr/bin/sed '\''/ __gnu_lto/d'\'''
lt_cv_sys_global_symbol_to_c_name_address='/usr/bin/sed -n -e '\''s/^: \(.*\) .*$/  {"\1", (void *) 0},/p'\'' -e '\''s/^[ABCDGIRSTW][ABCDGIRSTW]* .* \(.*\)$/  {"\1", (void *) \&\1},/p'\'''
lt_cv_sys_global_symbol_to_c_name_address_lib_prefix='/usr/bin/sed -n -e '\''s/^: \(.*\) .*$/  {"\1", (void *) 0},/p'\'' -e '\''s/^[ABCDGIRSTW][ABCDGIRSTW]* .* \(lib.*\)$/  {"\1", (void *) \&\1},/p'\'' -e '\''s/^[ABCDGIRSTW][ABCDGIRSTW]* .* \(.*\)$/  {"lib\1", (void *) \&\1},/p'\'''
lt_cv_sys_global_symbol_to_cdecl='/usr/bin/sed -n -e '\''s/^T .* \(.*\)$/extern int \1();/p'\'' -e '\''s/^[ABCDGIRSTW][ABCDGIRSTW]* .* \(.*\)$/extern char \1;/p'\'''
lt_cv_sys_global_symbol_to_import=
lt_cv_sys_max_cmd_len=1572864
lt_cv_to_host_file_cmd=func_convert_file_noop
lt_cv_to_tool_file_cmd=func_convert_file_noop
lt_cv_truncate_bin='/usr/bin/dd bs=4096 count=1'
xdt_cv_PKG_CONFIG_MIN_VERSION=0.9.0
xdt_cv_additional_CFLAGS='-Wall -Wextra                                   -Wno-missing-field-initializers                                   -Wno-unused-parameter                                   -Wmissing-declarations                                   -Wmissing-noreturn -Wpointer-arith                                   -Wcast-align -Wformat -Wformat-security -Wformat-y2k                                   -Winit-self -Wmissing-include-dirs -Wundef                                   -Wredundant-decls -fstack-protector -g -Wshadow                             -Wnested-externs                             -Wold-style-definition'
xdt_cv_additional_COMMON_FLAGS='-Wall -Wextra                                   -Wno-missing-field-initializers                                   -Wno-unused-parameter                                   -Wmissing-declarations                                   -Wmissing-noreturn -Wpointer-arith                                   -Wcast-align -Wformat -Wformat-security -Wformat-y2k                                   -Winit-self -Wmissing-include-dirs -Wundef                                   -Wredundant-decls -fstack-protector -g -Wshadow'
xdt_cv_additional_CXXFLAGS='-Wall -Wextra                                   -Wno-missing-field-initializers                                   -Wno-unused-parameter                                   -Wmissing-declarations                                   -Wmissing-noreturn -Wpointer-arith                                   -Wcast-align -Wformat -Wformat-security -Wformat-y2k                                   -Winit-self -Wmissing-include-dirs -Wundef                                   -Wredundant-decls -fstack-protector -g -Wshadow'

## ----------------- ##
## Output variables. ##
## ----------------- ##

ACLOCAL='${SHELL} '\''/home/rj/tcet-linux-xpytile-panel-plugin/missing'\'' aclocal-1.16'
AMDEPBACKSLASH='\'
AMDEP_FALSE='#'
AMDEP_TRUE=''
AMTAR='$${TAR-tar}'
AM_BACKSLASH='\'
AM_DEFAULT_V='$(AM_DEFAULT_VERBOSITY)'
AM_DEFAULT_VERBOSITY='0'
AM_V='$(V)'
AR='ar'
AUTOCONF='${SHELL} '\''/home/rj/tcet-linux-xpytile-panel-plugin/missing'\'' autoconf'
AUTOHEADER='${SHELL} '\''/home/rj/tcet-linux-xpytile-panel-plugin/missing'\'' autoheader'
AUTOMAKE='${SHELL} '\''/home/rj/tcet-linux-xpytile-panel-plugin/missing'\'' automake-1.16'
AWK='gawk'
CC='gcc'
CCDEPMODE='depmode=gcc3'
CFLAGS='-g -O2  -Wall -Wextra -Wno-missing-field-initializers -Wno-unused-parameter -Wmissing-declarations -Wmissing-noreturn -Wpointer-arith -Wcast-align -Wformat -Wformat-security -Wformat-y2k -Winit-self -Wmissing-include-dirs -Wundef -Wredundant-decls -fstack-protector -g -Wshadow -Wnested-externs -Wold-style-definition'
CPP='gcc -E'
CPPFLAGS=''
CSCOPE='cscope'
CTAGS='ctags'
CYGPATH_W='echo'
DEFS='-DHAVE_CONFIG_H'
DEPDIR='.deps'
DLLTOOL='false'
DSYMUTIL=''
DUMPBIN=''
ECHO_C=''
ECHO_N='-n'
ECHO_T=''
EGREP='/usr/bin/grep -E'
ETAGS='etags'
EXEEXT=''
FGREP='/usr/bin/grep -F'
FILECMD='file'
GETTEXT_MACRO_VERSION='0.19'
GETTEXT_PACKAGE=''
GLIB_CFLAGS='-I/usr/include/glib-2.0 -I/usr/lib/glib-2.0/include -I/usr/include/sysprof-6 -pthread'
GLIB_LIBS='-lglib-2.0'
GLIB_REQUIRED_VERSION='2.66.0'
GLIB_VERSION='2.78.1'
GMSGFMT='/usr/bin/msgfmt'
GMSGFMT_015='/usr/bin/msgfmt'
GREP='/usr/bin/grep'
GTK_CFLAGS='-I/usr/include/gtk-3.0 -I/usr/include/pango-1.0 -I/usr/include/cairo -I/usr/include/gdk-pixbuf-2.0 -I/usr/include/freetype2 -I/usr/include/harfbuzz -I/usr/include/dbus-1.0 -I/usr/lib/dbus-1.0/include -I/usr/include/glib-2.0 -I/usr/lib/glib-2.0/include -I/usr/include/atk-1.0 -I/usr/include/blkid -I/usr/include/libmount -I/usr/include/sysprof-6 -pthread -I/usr/include/cloudproviders -I/usr/include/libpng16 -I/usr/include/pixman-1 -I/usr/include/gio-unix-2.0 -I/usr/include/fribidi -I/usr/include/at-spi2-atk/2.0 -I/usr/include/at-spi-2.0'
GTK_LIBS='-lgtk-3 -lgdk-3 -lz -lharfbuzz -lpangocairo-1.0 -lpango-1.0 -latk-1.0 -lcairo -lcairo-gobject -lgdk_pixbuf-2.0 -lgio-2.0 -lglib-2.0 -lgobject-2.0'
GTK_REQUIRED_VERSION='3.24.0'
GTK_VERSION='3.24.38'
INSTALL_DATA='${INSTALL} -m 644'
INSTALL_PROGRAM='${INSTALL}'
INSTALL_SCRIPT='${INSTALL}'
INSTALL_STRIP_PROGRAM='$(install_sh) -c -s'
INTLLIBS=''
INTL_MACOSX_LIBS=''
LD='/usr/bin/ld -m elf_x86_64'
LDFLAGS=''
LIBICONV='-liconv'
LIBINTL=''
LIBOBJS=''
LIBS=''
LIBTOOL='$(SHELL) $(top_builddir)/libtool'
LIBX11_CFLAGS=''
LIBX11_LDFLAGS=''
LIBX11_LIBS=' -lSM -lICE -lX11'
LIBXFCE4PANEL_CFLAGS='-I/usr/include/xfce4/libxfce4panel-2.0 -I/usr/include/gtk-3.0 -I/usr/include/pango-1.0 -I/usr/include/cairo -I/usr/include/gdk-pixbuf-2.0 -I/usr/include/xfce4 -I/usr/include/freetype2 -I/usr/include/harfbuzz -I/usr/include/dbus-1.0 -I/usr/lib/dbus-1.0/include -I/usr/include/glib-2.0 -I/usr/lib/glib-2.0/include -I/usr/include/atk-1.0 -I/usr/include/blkid -I/usr/include/libmount -I/usr/include/sysprof-6 -pthread -I/usr/include/cloudproviders -I/usr/include/libpng16 -I/usr/include/pixman-1 -I/usr/include/gio-unix-2.0 -I/usr/include/fribidi -I/usr/include/at-spi2-atk/2.0 -I/usr/include/at-spi-2.0'
LIBXFCE4PANEL_LIBS='-lxfce4panel-2.0 -lgtk-3 -lgdk-3 -lz -lharfbuzz -lpangocairo-1.0 -lpango-1.0 -latk-1.0 -lcairo -lcairo-gobject -lgdk_pixbuf-2.0 -lgio-2.0 -lgobject-2.0 -Wl,--export-dynamic -lgmodule-2.0 -pthread -lxfce4util -lglib-2.0'
LIBXFCE4PANEL_REQUIRED_VERSION='4.16.0'
LIBXFCE4PANEL_VERSION='4.18.5'
LIBXFCE4UI_CFLAGS='-I/usr/include/xfce4/libxfce4ui-2 -I/usr/include/gtk-3.0 -I/usr/include/pango-1.0 -I/usr/include/cairo -I/usr/include/gdk-pixbuf-2.0 -I/usr/include/xfce4 -I/usr/include/freetype2 -I/usr/include/harfbuzz -I/usr/include/dbus-1.0 -I/usr/lib/dbus-1.0/include -I/usr/include/glib-2.0 -I/usr/lib/glib-2.0/include -I/usr/include/atk-1.0 -I/usr/include/blkid -I/usr/include/libmount -I/usr/include/sysprof-6 -pthread -I/usr/include/cloudproviders -I/usr/include/libpng16 -I/usr/include/pixman-1 -I/usr/include/gio-unix-2.0 -I/usr/include/fribidi -I/usr/include/at-spi2-atk/2.0 -I/usr/include/at-spi-2.0'
LIBXFCE4UI_LIBS='-lxfce4ui-2 -lgtk-3 -lgdk-3 -lz -lharfbuzz -lpangocairo-1.0 -lpango-1.0 -latk-1.0 -lcairo -lcairo-gobject -lgdk_pixbuf-2.0 -lgio-2.0 -lgobject-2.0 -lxfce4util -lglib-2.0'
LIBXFCE4UI_REQUIRED_VERSION='4.16.0'
LIBXFCE4UI_VERSION='4.18.4'
LIPO=''
LN_S='ln -s'
LTLIBICONV='-liconv'
LTLIBINTL=''
LTLIBOBJS=''
LT_SYS_LIBRARY_PATH=''
MAINT=''
MAINTAINER_MODE_FALSE='#'
MAINTAINER_MODE_TRUE=''
MAKEINFO='${SHELL} '\''/home/rj/tcet-linux-xpytile-panel-plugin/missing'\'' makeinfo'
MANIFEST_TOOL=':'
MKDIR_P='/usr/bin/mkdir -p'
MSGFMT='/usr/bin/msgfmt'
MSGFMT_015='/usr/bin/msgfmt'
MSGMERGE='/usr/bin/msgmerge'
NM='/usr/bin/nm -B'
NMEDIT=''
OBJDUMP='objdump'
OBJEXT='o'
OTOOL64=''
OTOOL=''
PACKAGE='xfce4-sample-plugin'
PACKAGE_BUGREPORT='https://gitlab.xfce.org/panel-plugins/xfce4-sample-plugin'
PACKAGE_NAME='xfce4-sample-plugin'
PACKAGE_STRING='xfce4-sample-plugin 0.0.4git-d87bc3f'
PACKAGE_TARNAME='xfce4-sample-plugin'
PACKAGE_URL=''
PACKAGE_VERSION='0.0.4git-d87bc3f'
PATH_SEPARATOR=':'
PKG_CONFIG='/usr/bin/pkg-config'
PKG_CONFIG_LIBDIR=''
PKG_CONFIG_PATH=''
PLATFORM_CFLAGS=''
PLATFORM_CPPFLAGS=''
PLATFORM_LDFLAGS=''
POSUB='po'
RANLIB='ranlib'
SED='/usr/bin/sed'
SET_MAKE=''
SHELL='/bin/sh'
STRIP='strip'
USE_NLS='yes'
VERSION='0.0.4git-d87bc3f'
XGETTEXT='/usr/bin/xgettext'
XGETTEXT_015='/usr/bin/xgettext'
XGETTEXT_EXTRA_OPTIONS=''
XMKMF=''
X_CFLAGS=''
X_EXTRA_LIBS=''
X_LIBS=''
X_PRE_LIBS=' -lSM -lICE'
ac_ct_AR='ar'
ac_ct_CC='gcc'
ac_ct_DUMPBIN=''
am__EXEEXT_FALSE=''
am__EXEEXT_TRUE='#'
am__fastdepCC_FALSE='#'
am__fastdepCC_TRUE=''
am__include='include'
am__isrc=''
am__leading_dot='.'
am__nodep='_no'
am__quote=''
am__tar='tar --format=ustar -chf - "$$tardir"'
am__untar='tar -xf -'
bindir='${exec_prefix}/bin'
build='x86_64-pc-linux-gnu'
build_alias=''
build_cpu='x86_64'
build_os='linux-gnu'
build_vendor='pc'
datadir='${datarootdir}'
datarootdir='${prefix}/share'
docdir='${datarootdir}/doc/${PACKAGE_TARNAME}'
dvidir='${docdir}'
exec_prefix='${prefix}'
host='x86_64-pc-linux-gnu'
host_alias=''
host_cpu='x86_64'
host_os='linux-gnu'
host_vendor='pc'
htmldir='${docdir}'
includedir='${prefix}/include'
infodir='${datarootdir}/info'
install_sh='${SHELL} /home/rj/tcet-linux-xpytile-panel-plugin/install-sh'
libdir='${exec_prefix}/lib'
libexecdir='${exec_prefix}/libexec'
localedir='${datarootdir}/locale'
localstatedir='${prefix}/var'
mandir='${datarootdir}/man'
mkdir_p='$(MKDIR_P)'
oldincludedir='/usr/include'
pdfdir='${docdir}'
prefix='/usr/local'
program_transform_name='s,x,x,'
psdir='${docdir}'
runstatedir='${localstatedir}/run'
sbindir='${exec_prefix}/sbin'
sharedstatedir='${prefix}/com'
sysconfdir='${prefix}/etc'
target_alias=''

## ----------- ##
## confdefs.h. ##
## ----------- ##

/* confdefs.h */
#define PACKAGE_NAME "xfce4-sample-plugin"
#define PACKAGE_TARNAME "xfce4-sample-plugin"
#define PACKAGE_VERSION "0.0.4git-d87bc3f"
#define PACKAGE_STRING "xfce4-sample-plugin 0.0.4git-d87bc3f"
#define PACKAGE_BUGREPORT "https://gitlab.xfce.org/panel-plugins/xfce4-sample-plugin"
#define PACKAGE_URL ""
#define PACKAGE "xfce4-sample-plugin"
#define VERSION "0.0.4git-d87bc3f"
#define HAVE_STDIO_H 1
#define HAVE_STDLIB_H 1
#define HAVE_STRING_H 1
#define HAVE_INTTYPES_H 1
#define HAVE_STDINT_H 1
#define HAVE_STRINGS_H 1
#define HAVE_SYS_STAT_H 1
#define HAVE_SYS_TYPES_H 1
#define HAVE_UNISTD_H 1
#define STDC_HEADERS 1
#define HAVE_DLFCN_H 1
#define LT_OBJDIR ".libs/"
#define HAVE_STDLIB_H 1
#define HAVE_UNISTD_H 1
#define HAVE_LOCALE_H 1
#define HAVE_STDIO_H 1
#define HAVE_ERRNO_H 1
#define HAVE_TIME_H 1
#define HAVE_STRING_H 1
#define HAVE_MATH_H 1
#define HAVE_SYS_TYPES_H 1
#define HAVE_SYS_WAIT_H 1
#define HAVE_MEMORY_H 1
#define HAVE_SIGNAL_H 1
#define HAVE_SYS_PRCTL_H 1
#define HAVE_LIBINTL_H 1
#define HAVE_BIND_TEXTDOMAIN_CODESET 1
#define GETTEXT_PACKAGE "xfce4-sample-plugin"
#define ENABLE_NLS 1
#define HAVE_GETTEXT 1
#define HAVE_DCGETTEXT 1
#define HAVE_LIBX11 1
#define G_LOG_USE_STRUCTURED 1
#define GLIB_VERSION_MAX_ALLOWED GLIB_VERSION_2_66
#define GLIB_VERSION_MIN_REQUIRED GLIB_VERSION_2_66
#define DEBUG 1

configure: exit 0
